Change Value of Parameter DNP in Part C300 Old=True New=DNP
Change Value of Parameter DNP in Part C301 Old=True New=DNP
Change Value of Parameter DNP in Part C302 Old=True New=DNP
Change Value of Parameter DNP in Part C303 Old=True New=DNP
Change Value of Parameter DNP in Part C304 Old=True New=DNP
Change Value of Parameter DNP in Part C305 Old=True New=DNP
Change Value of Parameter DNP in Part D300 Old=True New=DNP
Change Value of Parameter DNP in Part D301 Old=True New=DNP
Change Value of Parameter DNP in Part D305 Old=True New=DNP
Change Value of Parameter DNP in Part Q300 Old=True New=DNP
Change Value of Parameter DNP in Part R300 Old=True New=DNP
Change Value of Parameter DNP in Part R301 Old=True New=DNP
Change Value of Parameter DNP in Part R302 Old=True New=DNP
Change Value of Parameter DNP in Part R303 Old=True New=DNP
Change Value of Parameter DNP in Part R304 Old=True New=DNP
Change Value of Parameter DNP in Part R308 Old=True New=DNP
Change Value of Parameter DNP in Part SJ300 Old=True New=DNP
Change Value of Parameter DNP in Part SJ301 Old=True New=DNP
Change Value of Parameter DNP in Part TP300 Old=True New=DNP
Change Value of Parameter DNP in Part TP301 Old=True New=DNP
Change Value of Parameter DNP in Part TP302 Old=True New=DNP
Change Value of Parameter DNP in Part TP303 Old=True New=DNP
Change Value of Parameter DNP in Part TP304 Old=True New=DNP
Change Value of Parameter DNP in Part TP305 Old=True New=DNP
Change Value of Parameter DNP in Part TP306 Old=True New=DNP
Change Value of Parameter DNP in Part U300 Old=True New=DNP
Change Value of Parameter DNP in Part U301 Old=True New=DNP
Change Value of Parameter DNP in Part U302 Old=True New=DNP
Change Value of Parameter DNP in Part Y300 Old=True New=DNP
