Change Component Parameter Comment in C500 Old= New=100n, 16V, 0402
Change Value of Parameter Value in Part C500 Old=100n, 10V New=100n, 16V
Change Component Parameter Comment in C501 Old= New=100n, 16V, 0402
Change Value of Parameter Value in Part C501 Old=100n, 10V New=100n, 16V
Change Component Parameter Comment in C502 Old= New=100n, 16V, 0402
Change Value of Parameter Value in Part C502 Old=100n, 10V New=100n, 16V
Change Component Parameter Comment in C503 Old= New=100n, 16V, 0402
Change Value of Parameter Value in Part C503 Old=100n, 10V New=100n, 16V
Change Component Parameter Comment in C504 Old= New=100n, 16V, 0402
Change Value of Parameter Value in Part C504 Old=100n, 10V New=100n, 16V
Change Component Parameter Comment in C505 Old= New=100n, 16V, 0402
Change Value of Parameter Value in Part C505 Old=100n, 10V New=100n, 16V
Change Component Parameter Comment in C506 Old= New=100n, 16V, 0402
Change Value of Parameter Value in Part C506 Old=100n, 10V New=100n, 16V
Change Component Parameter Comment in C507 Old= New=100n, 16V, 0402
Change Value of Parameter Value in Part C507 Old=100n, 10V New=100n, 16V
Change Component Parameter Comment in R500 Old= New=49R9, 1/8W, 0805
Change Component Parameter Comment in R501 Old= New=49R9, 1/8W, 0805
Change Component Parameter Comment in R502 Old= New=49R9, 1/8W, 0805
Change Component Parameter Comment in RR500 Old= New=CRA6S849.9ACT-ND
Change Component Parameter Comment in RR501 Old= New=CRA6S849.9ACT-ND
Change Component Parameter Comment in RR502 Old= New=CRA6S849.9ACT-ND
Change Component Parameter Comment in RR503 Old= New=CRA6S833CT-ND
Change Value of Parameter Value in Part RR503 Old=33 New=33R
Change Component Parameter Comment in RR504 Old= New=CRA6S833CT-ND
Change Value of Parameter Value in Part RR504 Old=33 New=33R
Change Component Parameter Comment in RR505 Old= New=CRA6S833CT-ND
Change Value of Parameter Value in Part RR505 Old=33 New=33R
Change Component Parameter Comment in RR506 Old= New=CRA6S833CT-ND
Change Value of Parameter Value in Part RR506 Old=33 New=33R
Change Component Parameter Comment in RR507 Old= New=CRA6S849.9ACT-ND
Change Component Parameter Comment in RR508 Old= New=CRA6S849.9ACT-ND
Change Component Parameter Comment in TP500 Old= New=TP (DNP)
Change Component Parameter Comment in TP501 Old= New=TP (DNP)
Change Component Parameter Comment in U500 Old= New=IS42S16400J
