Change Value of Parameter Value in Part R200 Old=80m New=80m, 1%, 1/4W
Change Value of Parameter Value in Part R205 Old=DNP New=2k4 (DNP)
Change Value of Parameter Value in Part R210 Old=25m New=25m, 1%, 1/2W
Change Value of Parameter DigikeyPN in Part U200 Old=LT3652HVIMSE#PBF-ND New=LT3652EMSE#PBF-ND
Added Parameter DNP=True to Part SJ200
Added Parameter DNP=True to Part SJ201
Added Parameter DNP=True to Part TP200
Added Parameter DNP=True to Part TP203
Added Parameter DNP=True to Part TP204
Added Parameter DNP=True to Part TP205
Added Parameter DNP=True to Part TP207
Added Parameter DNP=True to Part TP208
Added Parameter DNP=True to Part TP209
Added Parameter PartNumber=3361P-1-103GLF to Part VR200
Added Parameter Value=LM234SM (DNP) to Part U201
Added Parameter Value=LT3652 to Part U200
Added Parameter Value=LTC2943 to Part U203
Added Parameter Value=SJ_0805 (DNP) to Part SJ200
Added Parameter Value=SJ_0805 (DNP) to Part SJ201
Added Parameter Value=TP_LARGE (DNP) to Part TP200
Added Parameter Value=TP_SMALL (DNP) to Part TP203
Added Parameter Value=TP_SMALL (DNP) to Part TP204
Added Parameter Value=TP_SMALL (DNP) to Part TP205
Added Parameter Value=TP_SMALL (DNP) to Part TP207
Added Parameter Value=TP_SMALL (DNP) to Part TP208
Added Parameter Value=TP_SMALL (DNP) to Part TP209
