Added Class: Name=HVY
Added Member To Class: ClassName=Z6 Member=Component C600 1206,10V
Added Member To Class: ClassName=Z6 Member=Component C601 1206,16V
Added Member To Class: ClassName=Z6 Member=Component J600 CAMERA_2x10
Added Member To Class: ClassName=Z6 Member=Component R600 0805
Added Member To Class: ClassName=Z6 Member=Component R601 0805
Added Member To Class: ClassName=Z6 Member=Component R603 0805
Added Member To Class: ClassName=Z6 Member=Component SJ600 0805
Added Member To Class: ClassName=Z6 Member=Component SJ601 0603
Added Member To Class: ClassName=Z6 Member=Component SJ602 0603
Added Member To Class: ClassName=Z6 Member=Component SJ603 0603
Added Member To Class: ClassName=Z6 Member=Component SJ604 0603
Added Member To Class: ClassName=Z6 Member=Component SJ605 0805
Added Member To Class: ClassName=Z6 Member=Component SJ606 0603
Added Member To Class: ClassName=Z6 Member=Component SJ607 0805
Added Member To Class: ClassName=Z6 Member=Component SJ608 0603
Added Member To Class: ClassName=Z6 Member=Component SJ609 0603
Added Member To Class: ClassName=Z6 Member=Component SJ610 0603
Added Member To Class: ClassName=Z6 Member=Component TP600 
Added Member To Class: ClassName=Z6 Member=Component TP601 
Added Member To Class: ClassName=Z6 Member=Component TP602 TP_LARGE
Added Member To Class: ClassName=Z6 Member=Component TP603 
Added Member To Class: ClassName=Z6 Member=Component TP604 
